{"stats": {"errors": 3, "failures": 0, "passes": 0, "skipped": 0, "encoding": "UTF-8", "total": 3}, "results": [{"classname": "index_test:BlockTest", "name": "test_hash", "time": 0.0005097389221191406, "type": "error", "errtype": "builtins.TypeError", "message": "__init__() missing 1 required positional argument: 'nonce'", "tb": "Traceback (most recent call last):\n  File \"/opt/conda/lib/python3.6/unittest/case.py\", line 59, in testPartExecutor\n    yield\n  File \"/opt/conda/lib/python3.6/unittest/case.py\", line 605, in run\n    testMethod()\n  File \"/home/jimmythrowaway/block-basics-jsong-programming-blockchain-demo/test/index_test.py\", line 28, in test_hash\n    block = Block.parse(stream)\n  File \"/home/jimmythrowaway/block-basics-jsong-programming-blockchain-demo/index.ipynb\", line 79, in parse\n    {\nTypeError: __init__() missing 1 required positional argument: 'nonce'\n"}, {"classname": "index_test:BlockTest", "name": "test_parse", "time": 0.0002658367156982422, "type": "error", "errtype": "builtins.TypeError", "message": "__init__() missing 1 required positional argument: 'nonce'", "tb": "Traceback (most recent call last):\n  File \"/opt/conda/lib/python3.6/unittest/case.py\", line 59, in testPartExecutor\n    yield\n  File \"/opt/conda/lib/python3.6/unittest/case.py\", line 605, in run\n    testMethod()\n  File \"/home/jimmythrowaway/block-basics-jsong-programming-blockchain-demo/test/index_test.py\", line 9, in test_parse\n    block = Block.parse(stream)\n  File \"/home/jimmythrowaway/block-basics-jsong-programming-blockchain-demo/index.ipynb\", line 79, in parse\n    {\nTypeError: __init__() missing 1 required positional argument: 'nonce'\n"}, {"classname": "index_test:BlockTest", "name": "test_serialize", "time": 0.0001556873321533203, "type": "error", "errtype": "builtins.TypeError", "message": "__init__() missing 1 required positional argument: 'nonce'", "tb": "Traceback (most recent call last):\n  File \"/opt/conda/lib/python3.6/unittest/case.py\", line 59, in testPartExecutor\n    yield\n  File \"/opt/conda/lib/python3.6/unittest/case.py\", line 605, in run\n    testMethod()\n  File \"/home/jimmythrowaway/block-basics-jsong-programming-blockchain-demo/test/index_test.py\", line 22, in test_serialize\n    block = Block.parse(stream)\n  File \"/home/jimmythrowaway/block-basics-jsong-programming-blockchain-demo/index.ipynb\", line 79, in parse\n    {\nTypeError: __init__() missing 1 required positional argument: 'nonce'\n"}]}